
**** Build of configuration Debug for project bigtime_CC1350_LAUNCHXL_tirtos_ccs ****

"C:\\ti\\ccsv7\\utils\\bin\\gmake" -k -j 4 all -O 
gmake[1]: Entering directory 'E:/MEMSTECH/Current Project/Github/WearableDevice/bigtime_CC1350_LAUNCHXL_tirtos_ccs/Debug'
'Building file: ../bigtime.cfg'
'Invoking: XDCtools'
"C:/ti/xdctools_3_50_03_33_core/xs" --xdcpath="C:/ti/simplelink_cc13x0_sdk_1_50_00_08/source;C:/ti/simplelink_cc13x0_sdk_1_50_00_08/kernel/tirtos/packages;C:/ti/ccsv7/ccs_base;" xdc.tools.configuro -o configPkg -t ti.targets.arm.elf.M3 -p ti.platforms.simplelink:CC1350F128 -r release -c "C:/ti/ccsv7/tools/compiler/ti-cgt-arm_16.9.4.LTS" --compileOptions "-mv7M3 --code_state=16 --float_support=vfplib -me --include_path=\"E:/MEMSTECH/Current Project/Github/WearableDevice/bigtime_CC1350_LAUNCHXL_tirtos_ccs\" --include_path=\"C:/ti/simplelink_cc13x0_sdk_1_50_00_08/kernel/tirtos/packages/ti/sysbios/posix\" --include_path=\"C:/ti/ccsv7/tools/compiler/ti-cgt-arm_16.9.4.LTS/include\" --define=DeviceFamily_CC13X0 -g --diag_warning=225 --diag_warning=255 --diag_wrap=off --display_error_number --gen_func_subsections=on  " "../bigtime.cfg"
making package.mak (because of package.bld) ...
generating interfaces for package configPkg (because package/package.xdc.inc is older than package.xdc) ...
configuring bigtime.xem3 from package/cfg/bigtime_pem3.cfg ...
generating custom ROM library makefile ... 
Starting build of library sources ...
making E:/MEMSTECH/CURREN~1/Github/WearableDevice/bigtime_CC1350_LAUNCHXL_tirtos_ccs/src/sysbios/rom_sysbios.aem3 ...
gmake[1]: Entering directory `E:/MEMSTECH/CURREN~1/Github/WearableDevice/bigtime_CC1350_LAUNCHXL_tirtos_ccs/src/sysbios'
clem3 C:/ti/simplelink_cc13x0_sdk_1_50_00_08/kernel/tirtos/packages/ti/sysbios/BIOS.c ...
asmem3 C:/ti/simplelink_cc13x0_sdk_1_50_00_08/kernel/tirtos/packages/ti/sysbios/family/arm/m3/Hwi_asm.sv7M ...
asmem3 C:/ti/simplelink_cc13x0_sdk_1_50_00_08/kernel/tirtos/packages/ti/sysbios/family/arm/m3/Hwi_asm_switch.sv7M ...
asmem3 C:/ti/simplelink_cc13x0_sdk_1_50_00_08/kernel/tirtos/packages/ti/sysbios/family/arm/m3/IntrinsicsSupport_asm.sv7M ...
asmem3 C:/ti/simplelink_cc13x0_sdk_1_50_00_08/kernel/tirtos/packages/ti/sysbios/family/arm/m3/TaskSupport_asm.sv7M ...
arem3 rom_sysbios.obj m3_Hwi_asm.obj m3_Hwi_asm_switch.obj m3_IntrinsicsSupport_asm.obj m3_TaskSupport_asm.obj ...
gmake[1]: Leaving directory `E:/MEMSTECH/CURREN~1/Github/WearableDevice/bigtime_CC1350_LAUNCHXL_tirtos_ccs/src/sysbios'
Build of libraries done.
clem3 package/cfg/bigtime_pem3.c ...
'Finished building: ../bigtime.cfg'
' '
gmake[1]: Leaving directory 'E:/MEMSTECH/Current Project/Github/WearableDevice/bigtime_CC1350_LAUNCHXL_tirtos_ccs/Debug'
        1 file(s) copied.
making ../src/sysbios/rom_sysbios.aem3 ...
gmake[1]: Nothing to be done for 'all'.
'Building file: ../ccfg.c'
'Invoking: ARM Compiler'
"C:/ti/ccsv7/tools/compiler/ti-cgt-arm_16.9.4.LTS/bin/armcl" -mv7M3 --code_state=16 --float_support=vfplib -me --include_path="E:/MEMSTECH/Current Project/Github/WearableDevice/bigtime_CC1350_LAUNCHXL_tirtos_ccs" --include_path="C:/ti/simplelink_cc13x0_sdk_1_50_00_08/kernel/tirtos/packages/ti/sysbios/posix" --include_path="C:/ti/ccsv7/tools/compiler/ti-cgt-arm_16.9.4.LTS/include" --define=DeviceFamily_CC13X0 -g --diag_warning=225 --diag_warning=255 --diag_wrap=off --display_error_number --gen_func_subsections=on --preproc_with_compile --preproc_dependency="ccfg.d_raw" --cmd_file="configPkg/compiler.opt" "../ccfg.c"
'Finished building: ../ccfg.c'
' '
'Building file: ../CC1350_LAUNCHXL.c'
'Invoking: ARM Compiler'
"C:/ti/ccsv7/tools/compiler/ti-cgt-arm_16.9.4.LTS/bin/armcl" -mv7M3 --code_state=16 --float_support=vfplib -me --include_path="E:/MEMSTECH/Current Project/Github/WearableDevice/bigtime_CC1350_LAUNCHXL_tirtos_ccs" --include_path="C:/ti/simplelink_cc13x0_sdk_1_50_00_08/kernel/tirtos/packages/ti/sysbios/posix" --include_path="C:/ti/ccsv7/tools/compiler/ti-cgt-arm_16.9.4.LTS/include" --define=DeviceFamily_CC13X0 -g --diag_warning=225 --diag_warning=255 --diag_wrap=off --display_error_number --gen_func_subsections=on --preproc_with_compile --preproc_dependency="CC1350_LAUNCHXL.d_raw" --cmd_file="configPkg/compiler.opt" "../CC1350_LAUNCHXL.c"
'Finished building: ../CC1350_LAUNCHXL.c'
' '
'Building file: ../bigtime.cpp'
'Invoking: ARM Compiler'
"C:/ti/ccsv7/tools/compiler/ti-cgt-arm_16.9.4.LTS/bin/armcl" -mv7M3 --code_state=16 --float_support=vfplib -me --include_path="E:/MEMSTECH/Current Project/Github/WearableDevice/bigtime_CC1350_LAUNCHXL_tirtos_ccs" --include_path="C:/ti/simplelink_cc13x0_sdk_1_50_00_08/kernel/tirtos/packages/ti/sysbios/posix" --include_path="C:/ti/ccsv7/tools/compiler/ti-cgt-arm_16.9.4.LTS/include" --define=DeviceFamily_CC13X0 -g --diag_warning=225 --diag_warning=255 --diag_wrap=off --display_error_number --gen_func_subsections=on --preproc_with_compile --preproc_dependency="bigtime.d_raw" --cmd_file="configPkg/compiler.opt" "../bigtime.cpp"
'Finished building: ../bigtime.cpp'
' '
making ../src/sysbios/rom_sysbios.aem3 ...
gmake[2]: Nothing to be done for 'all'.
'Building target: bigtime_CC1350_LAUNCHXL_tirtos_ccs.out'
'Invoking: ARM Linker'
"C:/ti/ccsv7/tools/compiler/ti-cgt-arm_16.9.4.LTS/bin/armcl" -mv7M3 --code_state=16 --float_support=vfplib -me --define=DeviceFamily_CC13X0 -g --diag_warning=225 --diag_warning=255 --diag_wrap=off --display_error_number --gen_func_subsections=on -z -m"bigtime_CC1350_LAUNCHXL_tirtos_ccs.map" -i"C:/ti/ccsv7/tools/compiler/ti-cgt-arm_16.9.4.LTS/lib" -i"C:/ti/ccsv7/tools/compiler/ti-cgt-arm_16.9.4.LTS/include" --reread_libs --diag_wrap=off --display_error_number --warn_sections --xml_link_info="bigtime_CC1350_LAUNCHXL_tirtos_ccs_linkInfo.xml" --rom_model -o "bigtime_CC1350_LAUNCHXL_tirtos_ccs.out" "./CC1350_LAUNCHXL.obj" "./bigtime.obj" "./ccfg.obj" "../CC1350_LAUNCHXL_TIRTOS.cmd" -l"configPkg/linker.cmd" -l"C:/ti/simplelink_cc13x0_sdk_1_50_00_08/source/ti/display/lib/display.aem3" -l"C:/ti/simplelink_cc13x0_sdk_1_50_00_08/source/ti/mw/lcd/lib/lcd.aem3" -l"C:/ti/simplelink_cc13x0_sdk_1_50_00_08/source/ti/grlib/lib/grlib.aem3" -l"C:/ti/simplelink_cc13x0_sdk_1_50_00_08/source/ti/drivers/rf/lib/rf_multiMode_cc13x0.aem3" -l"C:/ti/simplelink_cc13x0_sdk_1_50_00_08/source/ti/drivers/lib/drivers_cc13x0.aem3" -l"C:/ti/simplelink_cc13x0_sdk_1_50_00_08/source/ti/drivers/pdm/lib/pdm_cc13x0.aem3" -l"C:/ti/simplelink_cc13x0_sdk_1_50_00_08/kernel/tirtos/packages/ti/dpl/lib/dpl_cc13x0.aem3" -l"C:/ti/simplelink_cc13x0_sdk_1_50_00_08/source/ti/devices/cc13x0/driverlib/bin/ccs/driverlib.lib" -llibc.a 
<Linking>
'Finished building target: bigtime_CC1350_LAUNCHXL_tirtos_ccs.out'
' '

**** Build Finished ****
